Base path: C:/Program Files (x86)/Unity452/Editor/Data
Pipe name: \\.\pipe\UnityShaderCompiler-1-2400
Cmd: getPlatforms
Cmd: preprocess
  insize=345 outsize=252 ok=1
Cmd: compileSnippet
  api=4 type=0 insize=397 outsize=762 kw= ok=1
Cmd: compileSnippet
  api=4 type=1 insize=397 outsize=380 kw= ok=1
Cmd: preprocess
  insize=1673 outsize=330 ok=1
Cmd: compileSnippet
  api=4 type=0 insize=1643 outsize=1550 kw= ok=1
Cmd: compileSnippet
  api=4 type=1 insize=1643 outsize=1493 kw= ok=1
Cmd: preprocess
  insize=438 outsize=333 ok=1
Cmd: compileSnippet
  api=4 type=0 insize=410 outsize=1071 kw= ok=1
Cmd: compileSnippet
  api=4 type=1 insize=410 outsize=852 kw= ok=1
Cmd: preprocess
  insize=1401 outsize=415 ok=1
Cmd: compileSnippet
  api=4 type=0 insize=1287 outsize=1339 kw= ok=1
Cmd: compileSnippet
  api=4 type=1 insize=1287 outsize=1404 kw= ok=1
Cmd: preprocess
  insize=345 outsize=252 ok=1
Cmd: preprocess
  insize=438 outsize=333 ok=1
Cmd: compileSnippet
  api=0 type=0 insize=397 outsize=281 kw= ok=1
Cmd: compileSnippet
  api=0 type=1 insize=397 outsize=136 kw= ok=1
Cmd: compileSnippet
  api=0 type=1 insize=1643 outsize=489 kw= ok=1
Cmd: compileSnippet
  api=1 type=0 insize=410 outsize=145 kw= ok=1
Cmd: compileSnippet
  api=1 type=0 insize=1287 outsize=335 kw= ok=1
Cmd: compileSnippet
  api=0 type=1 insize=1287 outsize=527 kw= ok=1
